<?xml version="1.0" encoding="UTF-8"?>
<!-- Generated by org.testng.reporters.JUnitReportReporter -->
<testsuite hostname="DESKTOP-4LAGA66" name="com.testbanking.TestCases.TC_AddCustomerTest_003" tests="1" failures="0" timestamp="18 Aug 2019 16:01:31 GMT" time="19.993" errors="0">
  <testcase name="addNewCustomer" time="19.993" classname="com.testbanking.TestCases.TC_AddCustomerTest_003"/>
</testsuite> <!-- com.testbanking.TestCases.TC_AddCustomerTest_003 -->
