<?xml version="1.0" encoding="UTF-8"?>
<!-- Generated by org.testng.reporters.JUnitReportReporter -->
<testsuite hostname="DESKTOP-4LAGA66" name="com.testbanking.TestCases.Logintest_001" tests="1" failures="0" timestamp="18 Aug 2019 16:01:31 GMT" time="8.851" errors="0">
  <testcase name="logintest" time="8.851" classname="com.testbanking.TestCases.Logintest_001"/>
</testsuite> <!-- com.testbanking.TestCases.Logintest_001 -->
