<?xml version="1.0" encoding="UTF-8"?>
<!-- Generated by org.testng.reporters.JUnitReportReporter -->
<testsuite hostname="DESKTOP-4LAGA66" name="com.testbanking.TestCases.TC_AddCustomerTest_003" tests="1" failures="0" timestamp="11 Aug 2019 15:57:51 GMT" time="19.361" errors="0">
  <testcase name="addNewCustomer" time="19.361" classname="com.testbanking.TestCases.TC_AddCustomerTest_003"/>
</testsuite> <!-- com.testbanking.TestCases.TC_AddCustomerTest_003 -->
