<?xml version="1.0" encoding="UTF-8"?>
<!-- Generated by org.testng.reporters.JUnitReportReporter -->
<testsuite hostname="DESKTOP-4LAGA66" failures="0" tests="1" name="com.testbanking.TestCases.Logintest_001" time="13.867" errors="0" timestamp="15 Aug 2019 09:56:52 GMT" skipped="0">
  <testcase classname="com.testbanking.TestCases.Logintest_001" name="logintest" time="13.867"/>
</testsuite> <!-- com.testbanking.TestCases.Logintest_001 -->
