<?xml version="1.0" encoding="UTF-8"?>
<!-- Generated by org.testng.reporters.JUnitReportReporter -->
<testsuite skipped="0" hostname="DESKTOP-4LAGA66" name="com.testbanking.TestCases.Logintest_001" tests="1" failures="0" timestamp="18 Aug 2019 13:26:25 GMT" time="8.768" errors="0">
  <testcase name="logintest" time="8.768" classname="com.testbanking.TestCases.Logintest_001"/>
</testsuite> <!-- com.testbanking.TestCases.Logintest_001 -->
